<?xml version="1.0" encoding="UTF-8"?>
<testsuite name="edu.isu.cs.cs2263.AppTest" tests="1" skipped="0" failures="0" errors="0" timestamp="2021-01-23T21:14:16" hostname="DESKTOP-KM1438T" time="0.01">
  <properties/>
  <testcase name="appHasAGreeting()" classname="edu.isu.cs.cs2263.AppTest" time="0.01"/>
  <system-out><![CDATA[]]></system-out>
  <system-err><![CDATA[]]></system-err>
</testsuite>
